02:50:21.185 [Killfeed] Survivor got killed.
04:23:45.484 [AI Patrol] Spawning 2 West bots at <2819.258301, 211.156342, 5465.841309>
10:06:46.089 [AI Patrol] Spawning 2 West bots at <13622.111328, 1.236468, 11102.213867>
10:16:48.023 [Killfeed] Kraju got killed.
10:42:15.457 [Killfeed] Kraju got killed.
10:59:01.464 [Killfeed] Kraju got killed.
11:13:37.773 [Killfeed] Kraju got killed.
11:13:57.859 [AI Patrol] Spawning 4 West bots at <8879.791016, 59.878101, 2531.769043>
11:51:25.246 [Killfeed] Kraju got killed.
11:51:44.453 [AI Patrol] Spawning 3 West bots at <13746.902344, 0.708636, 11196.206055>
11:56:29.011 [Killfeed] Survivor zginął przez odwodnienie.
15:00:56.789 [AI Patrol] Spawning 1 West bots at <2228.954346, 92.518463, 3350.413086>
15:46:38.898 [AI Patrol] Spawning 1 West bots at <14007.835938, 17.749052, 11223.175781>
17:37:10.261 [AI Patrol] Spawning 1 West bots at <10081.375977, 245.830368, 5498.621094>
17:50:06.828 [Killfeed] Miki_sz got killed.
19:27:14.812 [Killfeed] Jackson został zabity przez Крысоволк.
19:47:19.843 [AI Patrol] Spawning 2 West bots at <4489.695801, 314.934387, 8365.434570>
19:48:00.718 [AI Patrol] Spawning 2 West bots at <4138.429199, 305.683380, 7963.235352>
22:54:57.007 [Killfeed] Kraju got killed.
23:02:29.898 [Killfeed] Kraju got killed.
23:13:10.171 [Killfeed] Kraju got killed.
