[ClearOldAirdropFiles] Backups Cleanup Started.
[ClearOldAirdropFiles] Backups Cleanup Completed.
[ClearOldAirdropFiles] Airdrop Log File Rremoved:  2023-06-16 @ 00-03-30 AirdropManager.log (3)
[ClearOldAirdropFiles] Airdrop Log File Rremoved:  2023-06-16 @ 01-06-03 AirdropAircraft.log (3)
[ClearOldAirdropFiles] Airdrop Log File Rremoved:  2023-06-16 @ 02-07-15 AirdropAircraft.log (3)
[ClearOldAirdropFiles] Airdrop Log File Rremoved:  2023-06-16 @ 03-08-24 AirdropAircraft.log (3)
[ClearOldAirdropFiles] Airdrop Log File Rremoved:  2023-06-16 @ 03-09-25 AirdropContainer.log (3)
[ClearOldAirdropFiles] Airdrop Log File Rremoved:  2023-06-16 @ 03-09-25 AirdropParachute.log (3)
[ClearOldAirdropFiles] Airdrop Log File Rremoved:  2023-06-16 @ 15-22-20 AirdropAircraft.log (3)
[ClearOldAirdropFiles] Airdrop Log File Rremoved:  2023-06-16 @ 16-23-29 AirdropAircraft.log (3)
[ClearOldAirdropFiles] Airdrop Log File Rremoved:  2023-06-16 @ 17-35-02 AirdropManager.log (3)
[ClearOldAirdropFiles] Airdrop Log File Rremoved:  2023-06-16 @ 18-36-57 AirdropAircraft.log (3)
[ClearOldAirdropFiles] Airdrop Log File Rremoved:  2023-06-16 @ 18-40-03 AirdropContainer.log (3)
[ClearOldAirdropFiles] Airdrop Log File Rremoved:  2023-06-16 @ 18-40-03 AirdropParachute.log (3)
[ClearOldAirdropFiles] Airdrop Log File Rremoved:  2023-06-16 @ 19-38-24 AirdropManager.log (3)
[ClearOldAirdropFiles] Airdrop Log File Rremoved:  2023-06-16 @ 19-44-21 AirdropAircraft.log (3)
[ClearOldAirdropFiles] Airdrop Log File Rremoved:  2023-06-16 @ 19-45-43 AirdropAircraft.log (3)
[ClearOldAirdropFiles] Airdrop Log File Rremoved:  2023-06-16 @ 19-50-46 AirdropManager.log (3)
[ClearOldAirdropFiles] Airdrop Log File Rremoved:  2023-06-16 @ 20-14-46 AirdropManager.log (3)
[ClearOldAirdropFiles] Airdrop Log File Rremoved:  2023-06-16 @ 20-17-41 AirdropAircraft.log (3)
[ClearOldAirdropFiles] Airdrop Log File Rremoved:  2023-06-16 @ 20-19-03 AirdropAircraft.log (3)
[ClearOldAirdropFiles] Airdrop Log File Rremoved:  2023-06-16 @ 20-21-21 AirdropAircraft.log (3)
[ClearOldAirdropFiles] Airdrop Log File Rremoved:  2023-06-16 @ 21-07-06 AirdropManager.log (3)
[ClearOldAirdropFiles] Airdrop Log File Rremoved:  2023-06-16 @ 21-34-50 AirdropManager.log (3)
[ClearOldAirdropFiles] Airdrop Log File Rremoved:  2023-06-16 @ 21-41-10 AirdropManager.log (3)
[ClearOldAirdropFiles] Airdrop Log File Rremoved:  2023-06-16 @ 22-05-17 AirdropManager.log (3)
[ClearOldAirdropFiles] Airdrop Log File Rremoved:  2023-06-16 @ 22-09-59 AirdropAircraft.log (3)
[ClearOldAirdropFiles] Airdrop Log File Rremoved:  2023-06-16 @ 22-16-45 AirdropAircraft.log (3)
[ClearOldAirdropFiles] Airdrop Log File Rremoved:  2023-06-16 @ 22-47-40 AirdropAircraft.log (3)
[ClearOldAirdropFiles] Airdrop Log File Rremoved:  2023-06-16 @ 23-02-14 AirdropAircraft.log (3)
[ClearOldAirdropFiles] Logs Cleanup Completed.
[ExportDropZones] DropZone exported not bypassed.
[AirdropBase] Base class created & settings loaded.
