14.06.2023 16:25:15 [AirRaid] 'AirRaid.json' found, loading existing config
14.06.2023 16:25:15 [AirRaid] Air Raid started!
14.06.2023 16:25:15 [AirRaid] world name chernarusplus
14.06.2023 16:59:06 [AirRaid] 'AirRaid.json' found, loading existing config
14.06.2023 16:59:06 [AirRaid] Air Raid started!
14.06.2023 16:59:06 [AirRaid] world name chernarusplus
14.06.2023 18:01:09 [AirRaid] Bomber plane spawn <15360.000000, 550.000000, 12394.127930>
14.06.2023 18:01:09 [AirRaid] random Bombing target Elektrozavodsk square <10484.000000, 0.000000, 2350.000000>
14.06.2023 18:01:09 [AirRaid] bomber angle -2.02274
14.06.2023 18:01:09 [AirRaid] member angle -2.02274
14.06.2023 18:01:09 [AirRaid] member angle -2.02274
14.06.2023 18:01:09 [AirRaid] Started siren at coords <10258.000000, 24.000000, 2169.000000>
14.06.2023 18:03:17 [AirRaid] Stopped siren at coords <10258.000000, 24.000000, 2169.000000>
14.06.2023 19:02:19 [AirRaid] Bomber plane spawn <4891.555664, 550.000000, 15360.000000>
14.06.2023 19:02:19 [AirRaid] random Bombing target NWAF N <4194.000000, 0.000000, 11050.000000>
14.06.2023 19:02:19 [AirRaid] bomber angle -1.73125
14.06.2023 19:02:19 [AirRaid] member angle -1.73125
14.06.2023 19:02:19 [AirRaid] member angle -1.73125
14.06.2023 19:02:19 [AirRaid] Started siren at coords <4125.000000, 24.000000, 10563.000000>
14.06.2023 19:03:20 [AirRaid] Stopped siren at coords <4125.000000, 24.000000, 10563.000000>
15.06.2023 16:24:48 [AirRaid] 'AirRaid.json' found, loading existing config
15.06.2023 16:24:48 [AirRaid] Air Raid started!
15.06.2023 16:24:48 [AirRaid] world name chernarusplus
15.06.2023 21:58:54 [AirRaid] 'AirRaid.json' found, loading existing config
15.06.2023 21:58:54 [AirRaid] Air Raid started!
15.06.2023 21:58:54 [AirRaid] world name chernarusplus
15.06.2023 22:00:01 [AirRaid] Bomber plane spawn <15360.000000, 550.000000, 8559.166992>
15.06.2023 22:00:01 [AirRaid] random Bombing target Elektrozavodsk powerplant <10427.000000, 0.000000, 2581.000000>
15.06.2023 22:00:01 [AirRaid] bomber angle -2.2607
15.06.2023 22:00:01 [AirRaid] member angle -2.2607
15.06.2023 22:00:01 [AirRaid] member angle -2.2607
15.06.2023 22:00:01 [AirRaid] Started siren at coords <10258.000000, 24.000000, 2169.000000>
15.06.2023 22:01:37 [AirRaid] Stopped siren at coords <10258.000000, 24.000000, 2169.000000>
15.06.2023 22:10:12 [AirRaid] Bomber plane spawn <4543.263672, 550.000000, 15360.000000>
15.06.2023 22:10:12 [AirRaid] random Bombing target Novodmitrovsk <11763.000000, 0.000000, 14259.000000>
15.06.2023 22:10:12 [AirRaid] bomber angle -0.151333
15.06.2023 22:10:12 [AirRaid] member angle -0.151333
15.06.2023 22:10:12 [AirRaid] member angle -0.151333
15.06.2023 22:10:12 [AirRaid] Started siren at coords <11487.000000, 24.000000, 14480.000000>
15.06.2023 22:11:43 [AirRaid] Stopped siren at coords <11487.000000, 24.000000, 14480.000000>
15.06.2023 22:25:22 [AirRaid] 'AirRaid.json' found, loading existing config
15.06.2023 22:25:22 [AirRaid] Air Raid started!
15.06.2023 22:25:22 [AirRaid] world name chernarusplus
15.06.2023 22:50:42 [AirRaid] 'AirRaid.json' found, loading existing config
15.06.2023 22:50:42 [AirRaid] Air Raid started!
15.06.2023 22:50:42 [AirRaid] world name chernarusplus
15.06.2023 23:53:13 [AirRaid] Bomber plane spawn <1378.635864, 550.000000, 0.000000>
15.06.2023 23:53:13 [AirRaid] random Bombing target Chernogorsk factory1 <7066.000000, 0.000000, 2828.000000>
15.06.2023 23:53:13 [AirRaid] bomber angle 0.461439
15.06.2023 23:53:13 [AirRaid] member angle 0.461439
15.06.2023 23:53:13 [AirRaid] member angle 0.461439
15.06.2023 23:53:13 [AirRaid] Started siren at coords <6250.000000, 24.000000, 2710.000000>
15.06.2023 23:54:35 [AirRaid] Stopped siren at coords <6250.000000, 24.000000, 2710.000000>
16.06.2023 00:53:23 [AirRaid] 'AirRaid.json' found, loading existing config
16.06.2023 00:53:23 [AirRaid] Air Raid started!
16.06.2023 00:53:23 [AirRaid] world name chernarusplus
16.06.2023 01:53:27 [AirRaid] 'AirRaid.json' found, loading existing config
16.06.2023 01:53:27 [AirRaid] Air Raid started!
16.06.2023 01:53:27 [AirRaid] world name chernarusplus
16.06.2023 02:03:32 [AirRaid] 'AirRaid.json' found, loading existing config
16.06.2023 02:03:32 [AirRaid] Air Raid started!
16.06.2023 02:03:32 [AirRaid] world name chernarusplus
16.06.2023 03:06:03 [AirRaid] Bomber plane spawn <0.000000, 550.000000, 14613.727539>
16.06.2023 03:06:03 [AirRaid] random Bombing target NWAF N tower <4000.000000, 0.000000, 11828.000000>
16.06.2023 03:06:03 [AirRaid] bomber angle -0.608327
16.06.2023 03:06:03 [AirRaid] member angle -0.608327
16.06.2023 03:06:03 [AirRaid] member angle -0.608327
16.06.2023 03:06:03 [AirRaid] Started siren at coords <4144.000000, 24.000000, 11759.000000>
16.06.2023 03:07:09 [AirRaid] Stopped siren at coords <4144.000000, 24.000000, 11759.000000>
16.06.2023 04:07:15 [AirRaid] Bomber plane spawn <15360.000000, 550.000000, 3058.687012>
16.06.2023 04:07:15 [AirRaid] random Bombing target NWAF N <4194.000000, 0.000000, 11050.000000>
16.06.2023 04:07:15 [AirRaid] bomber angle 2.52042
16.06.2023 04:07:15 [AirRaid] member angle 2.52042
16.06.2023 04:07:15 [AirRaid] member angle 2.52042
16.06.2023 04:07:15 [AirRaid] Started siren at coords <4125.000000, 24.000000, 10563.000000>
16.06.2023 04:09:49 [AirRaid] Stopped siren at coords <4125.000000, 24.000000, 10563.000000>
16.06.2023 05:08:24 [AirRaid] Bomber plane spawn <4629.047363, 550.000000, 0.000000>
16.06.2023 05:08:24 [AirRaid] random Bombing target NWAF mid <4808.000000, 0.000000, 10410.000000>
16.06.2023 05:08:24 [AirRaid] bomber angle 1.55361
16.06.2023 05:08:24 [AirRaid] member angle 1.55361
16.06.2023 05:08:24 [AirRaid] member angle 1.55361
16.06.2023 05:08:24 [AirRaid] Started siren at coords <4636.000000, 24.000000, 10443.000000>
16.06.2023 05:10:25 [AirRaid] Stopped siren at coords <4636.000000, 24.000000, 10443.000000>
16.06.2023 06:09:33 [AirRaid] Bomber plane spawn <292.977692, 550.000000, 15360.000000>
16.06.2023 06:09:33 [AirRaid] random Bombing target Elektrozavodsk dock <10275.000000, 0.000000, 1859.000000>
16.06.2023 06:09:33 [AirRaid] bomber angle -0.934143
16.06.2023 06:09:33 [AirRaid] member angle -0.934143
16.06.2023 06:09:33 [AirRaid] member angle -0.934143
16.06.2023 06:09:33 [AirRaid] Started siren at coords <10258.000000, 24.000000, 2169.000000>
16.06.2023 06:12:37 [AirRaid] Stopped siren at coords <10258.000000, 24.000000, 2169.000000>
16.06.2023 07:10:43 [AirRaid] Bomber plane spawn <15360.000000, 550.000000, 5968.307129>
16.06.2023 07:10:43 [AirRaid] random Bombing target Zelenogorsk railstation <2458.000000, 0.000000, 5187.000000>
16.06.2023 07:10:43 [AirRaid] bomber angle -3.08111
16.06.2023 07:10:43 [AirRaid] member angle -3.08111
16.06.2023 07:10:43 [AirRaid] member angle -3.08111
16.06.2023 07:10:43 [AirRaid] Started siren at coords <2571.000000, 24.000000, 5078.000000>
16.06.2023 07:13:09 [AirRaid] Stopped siren at coords <2571.000000, 24.000000, 5078.000000>
16.06.2023 08:11:53 [AirRaid] Bomber plane spawn <13540.725586, 550.000000, 0.000000>
16.06.2023 08:11:53 [AirRaid] random Bombing target NWAF mid <4808.000000, 0.000000, 10410.000000>
16.06.2023 08:11:53 [AirRaid] bomber angle 2.2688
16.06.2023 08:11:53 [AirRaid] member angle 2.2688
16.06.2023 08:11:53 [AirRaid] member angle 2.2688
16.06.2023 08:11:53 [AirRaid] Started siren at coords <4636.000000, 24.000000, 10443.000000>
16.06.2023 08:14:25 [AirRaid] Stopped siren at coords <4636.000000, 24.000000, 10443.000000>
16.06.2023 09:13:03 [AirRaid] Bomber plane spawn <0.000000, 550.000000, 11391.910156>
16.06.2023 09:13:03 [AirRaid] random Bombing target Severograd <7731.000000, 0.000000, 12695.000000>
16.06.2023 09:13:03 [AirRaid] bomber angle 0.166984
16.06.2023 09:13:03 [AirRaid] member angle 0.166984
16.06.2023 09:13:03 [AirRaid] member angle 0.166984
16.06.2023 09:13:03 [AirRaid] Started siren at coords <7617.000000, 24.000000, 12634.000000>
16.06.2023 09:14:38 [AirRaid] Stopped siren at coords <7617.000000, 24.000000, 12634.000000>
16.06.2023 10:14:12 [AirRaid] Bomber plane spawn <11282.688477, 550.000000, 15360.000000>
16.06.2023 10:14:12 [AirRaid] random Bombing target Elektrozavodsk powerplant <10427.000000, 0.000000, 2581.000000>
16.06.2023 10:14:12 [AirRaid] bomber angle -1.63766
16.06.2023 10:14:12 [AirRaid] member angle -1.63766
16.06.2023 10:14:12 [AirRaid] member angle -1.63766
16.06.2023 10:14:12 [AirRaid] Started siren at coords <10258.000000, 24.000000, 2169.000000>
16.06.2023 10:16:38 [AirRaid] Stopped siren at coords <10258.000000, 24.000000, 2169.000000>
16.06.2023 11:15:22 [AirRaid] Bomber plane spawn <10367.660156, 550.000000, 15360.000000>
16.06.2023 11:15:22 [AirRaid] random Bombing target Svetlojarsk <14089.000000, 0.000000, 13315.000000>
16.06.2023 11:15:22 [AirRaid] bomber angle -0.502485
16.06.2023 11:15:22 [AirRaid] member angle -0.502485
16.06.2023 11:15:22 [AirRaid] member angle -0.502485
16.06.2023 11:15:22 [AirRaid] Started siren at coords <13845.000000, 24.000000, 13216.000000>
16.06.2023 11:16:20 [AirRaid] Stopped siren at coords <13845.000000, 24.000000, 13216.000000>
16.06.2023 12:16:32 [AirRaid] Bomber plane spawn <0.000000, 550.000000, 14071.367188>
16.06.2023 12:16:32 [AirRaid] random Bombing target Chernogorsk railstation <6543.000000, 0.000000, 2636.000000>
16.06.2023 12:16:32 [AirRaid] bomber angle -1.05109
16.06.2023 12:16:32 [AirRaid] member angle -1.05109
16.06.2023 12:16:32 [AirRaid] member angle -1.05109
16.06.2023 12:16:32 [AirRaid] Started siren at coords <6250.000000, 24.000000, 2710.000000>
16.06.2023 12:19:00 [AirRaid] Stopped siren at coords <6250.000000, 24.000000, 2710.000000>
16.06.2023 13:17:42 [AirRaid] Bomber plane spawn <3700.425537, 550.000000, 0.000000>
16.06.2023 13:17:42 [AirRaid] random Bombing target Novodmitrovsk <11763.000000, 0.000000, 14259.000000>
16.06.2023 13:17:42 [AirRaid] bomber angle 1.05618
16.06.2023 13:17:42 [AirRaid] member angle 1.05618
16.06.2023 13:17:42 [AirRaid] member angle 1.05618
16.06.2023 13:17:42 [AirRaid] Started siren at coords <11487.000000, 24.000000, 14480.000000>
16.06.2023 13:20:40 [AirRaid] Stopped siren at coords <11487.000000, 24.000000, 14480.000000>
16.06.2023 14:18:52 [AirRaid] Bomber plane spawn <1581.141968, 550.000000, 15360.000000>
16.06.2023 14:18:52 [AirRaid] random Bombing target Zelenogorsk railyard <2233.000000, 0.000000, 5204.000000>
16.06.2023 14:18:52 [AirRaid] bomber angle -1.5067
16.06.2023 14:18:52 [AirRaid] member angle -1.5067
16.06.2023 14:18:52 [AirRaid] member angle -1.5067
16.06.2023 14:18:52 [AirRaid] Started siren at coords <2571.000000, 24.000000, 5078.000000>
16.06.2023 14:20:51 [AirRaid] Stopped siren at coords <2571.000000, 24.000000, 5078.000000>
16.06.2023 15:20:01 [AirRaid] Bomber plane spawn <0.000000, 550.000000, 2471.794189>
16.06.2023 15:20:01 [AirRaid] random Bombing target Chernogorsk factory2 <7049.000000, 0.000000, 2653.000000>
16.06.2023 15:20:01 [AirRaid] bomber angle 0.0257009
16.06.2023 15:20:01 [AirRaid] member angle 0.0257009
16.06.2023 15:20:01 [AirRaid] member angle 0.0257009
16.06.2023 15:20:01 [AirRaid] Started siren at coords <6250.000000, 24.000000, 2710.000000>
16.06.2023 15:21:29 [AirRaid] Stopped siren at coords <6250.000000, 24.000000, 2710.000000>
16.06.2023 16:21:11 [AirRaid] Bomber plane spawn <0.000000, 550.000000, 7798.362793>
16.06.2023 16:21:11 [AirRaid] random Bombing target Elektrozavodsk square <10484.000000, 0.000000, 2350.000000>
16.06.2023 16:21:11 [AirRaid] bomber angle -0.47927
16.06.2023 16:21:11 [AirRaid] member angle -0.47927
16.06.2023 16:21:11 [AirRaid] member angle -0.47927
16.06.2023 16:21:11 [AirRaid] Started siren at coords <10258.000000, 24.000000, 2169.000000>
16.06.2023 16:23:27 [AirRaid] Stopped siren at coords <10258.000000, 24.000000, 2169.000000>
16.06.2023 17:22:20 [AirRaid] Bomber plane spawn <6560.825195, 550.000000, 15360.000000>
16.06.2023 17:22:20 [AirRaid] random Bombing target NWAF SW <4538.000000, 0.000000, 9616.000000>
16.06.2023 17:22:20 [AirRaid] bomber angle -1.9094
16.06.2023 17:22:20 [AirRaid] member angle -1.9094
16.06.2023 17:22:20 [AirRaid] member angle -1.9094
16.06.2023 17:22:20 [AirRaid] Started siren at coords <4607.000000, 24.000000, 9438.000000>
16.06.2023 17:23:37 [AirRaid] Stopped siren at coords <4607.000000, 24.000000, 9438.000000>
16.06.2023 18:23:29 [AirRaid] Bomber plane spawn <15360.000000, 550.000000, 1319.571533>
16.06.2023 18:23:29 [AirRaid] random Bombing target NWAF mid <4808.000000, 0.000000, 10410.000000>
16.06.2023 18:23:29 [AirRaid] bomber angle 2.43047
16.06.2023 18:23:29 [AirRaid] member angle 2.43047
16.06.2023 18:23:29 [AirRaid] member angle 2.43047
16.06.2023 18:23:29 [AirRaid] Started siren at coords <4636.000000, 24.000000, 10443.000000>
16.06.2023 18:26:06 [AirRaid] Stopped siren at coords <4636.000000, 24.000000, 10443.000000>
16.06.2023 19:35:03 [AirRaid] 'AirRaid.json' found, loading existing config
16.06.2023 19:35:03 [AirRaid] Air Raid started!
16.06.2023 19:35:03 [AirRaid] world name chernarusplus
16.06.2023 20:36:57 [AirRaid] Bomber plane spawn <15360.000000, 550.000000, 7993.369141>
16.06.2023 20:36:57 [AirRaid] random Bombing target Chernogorsk factory1 <7066.000000, 0.000000, 2828.000000>
16.06.2023 20:36:57 [AirRaid] bomber angle -2.58459
16.06.2023 20:36:57 [AirRaid] member angle -2.58459
16.06.2023 20:36:57 [AirRaid] member angle -2.58459
16.06.2023 20:36:57 [AirRaid] Started siren at coords <6250.000000, 24.000000, 2710.000000>
16.06.2023 20:38:52 [AirRaid] Stopped siren at coords <6250.000000, 24.000000, 2710.000000>
16.06.2023 21:38:25 [AirRaid] 'AirRaid.json' found, loading existing config
16.06.2023 21:38:25 [AirRaid] Air Raid started!
16.06.2023 21:38:25 [AirRaid] world name chernarusplus
16.06.2023 21:39:44 [AirRaid] Bomber plane spawn <7351.161621, 550.000000, 0.000000>
16.06.2023 21:39:44 [AirRaid] random Bombing target NWAF SW <4538.000000, 0.000000, 9616.000000>
16.06.2023 21:39:44 [AirRaid] bomber angle 1.8554
16.06.2023 21:39:44 [AirRaid] member angle 1.8554
16.06.2023 21:39:44 [AirRaid] member angle 1.8554
16.06.2023 21:39:44 [AirRaid] Started siren at coords <4607.000000, 24.000000, 9438.000000>
16.06.2023 21:44:21 [AirRaid] Bomber plane spawn <8194.937500, 550.000000, 15360.000000>
16.06.2023 21:44:21 [AirRaid] random Bombing target Chernogorsk factory3 <7551.000000, 0.000000, 3204.000000>
16.06.2023 21:44:21 [AirRaid] bomber angle -1.62372
16.06.2023 21:44:21 [AirRaid] member angle -1.62372
16.06.2023 21:44:21 [AirRaid] member angle -1.62372
16.06.2023 21:44:21 [AirRaid] Started siren at coords <6250.000000, 24.000000, 2710.000000>
16.06.2023 21:44:38 [AirRaid] Stopped siren at coords <4607.000000, 24.000000, 9438.000000>
16.06.2023 21:45:43 [AirRaid] Bomber plane spawn <4710.143555, 550.000000, 15360.000000>
16.06.2023 21:45:43 [AirRaid] random Bombing target Zelenogorsk railstation <2458.000000, 0.000000, 5187.000000>
16.06.2023 21:45:43 [AirRaid] bomber angle -1.78867
16.06.2023 21:45:43 [AirRaid] member angle -1.78867
16.06.2023 21:45:43 [AirRaid] member angle -1.78867
16.06.2023 21:45:43 [AirRaid] Started siren at coords <2571.000000, 24.000000, 5078.000000>
16.06.2023 21:46:39 [AirRaid] Stopped siren at coords <6250.000000, 24.000000, 2710.000000>
16.06.2023 21:47:43 [AirRaid] Stopped siren at coords <2571.000000, 24.000000, 5078.000000>
16.06.2023 21:50:47 [AirRaid] 'AirRaid.json' found, loading existing config
16.06.2023 21:50:47 [AirRaid] Air Raid started!
16.06.2023 21:50:47 [AirRaid] world name chernarusplus
16.06.2023 22:14:48 [AirRaid] 'AirRaid.json' found, loading existing config
16.06.2023 22:14:48 [AirRaid] Air Raid started!
16.06.2023 22:14:48 [AirRaid] world name chernarusplus
16.06.2023 22:16:09 [AirRaid] Bomber plane spawn <3625.423096, 550.000000, 0.000000>
16.06.2023 22:16:09 [AirRaid] random Bombing target Elektrozavodsk dock <10275.000000, 0.000000, 1859.000000>
16.06.2023 22:16:09 [AirRaid] bomber angle 0.272607
16.06.2023 22:16:09 [AirRaid] member angle 0.272607
16.06.2023 22:16:09 [AirRaid] member angle 0.272607
16.06.2023 22:16:09 [AirRaid] Started siren at coords <10258.000000, 24.000000, 2169.000000>
16.06.2023 22:17:41 [AirRaid] Bomber plane spawn <3044.624268, 550.000000, 0.000000>
16.06.2023 22:17:41 [AirRaid] random Bombing target Elektrozavodsk square <10484.000000, 0.000000, 2350.000000>
16.06.2023 22:17:41 [AirRaid] bomber angle 0.305967
16.06.2023 22:17:41 [AirRaid] member angle 0.305967
16.06.2023 22:17:41 [AirRaid] member angle 0.305967
16.06.2023 22:17:41 [AirRaid] Started siren at coords <10258.000000, 24.000000, 2169.000000>
16.06.2023 22:17:46 [AirRaid] Stopped siren at coords <10258.000000, 24.000000, 2169.000000>
16.06.2023 22:17:46 [AirRaid] Stopped siren at coords <10258.000000, 24.000000, 2169.000000>
16.06.2023 22:19:03 [AirRaid] Bomber plane spawn <6568.325684, 550.000000, 0.000000>
16.06.2023 22:19:03 [AirRaid] random Bombing target Chernogorsk factory1 <7066.000000, 0.000000, 2828.000000>
16.06.2023 22:19:03 [AirRaid] bomber angle 1.3966
16.06.2023 22:19:03 [AirRaid] member angle 1.3966
16.06.2023 22:19:03 [AirRaid] member angle 1.3966
16.06.2023 22:19:03 [AirRaid] Started siren at coords <6250.000000, 24.000000, 2710.000000>
16.06.2023 22:19:49 [AirRaid] Stopped siren at coords <6250.000000, 24.000000, 2710.000000>
16.06.2023 22:21:21 [AirRaid] Bomber plane spawn <0.000000, 550.000000, 5231.878418>
16.06.2023 22:21:21 [AirRaid] random Bombing target Vybor <3818.000000, 0.000000, 8862.000000>
16.06.2023 22:21:21 [AirRaid] bomber angle 0.760179
16.06.2023 22:21:21 [AirRaid] member angle 0.760179
16.06.2023 22:21:21 [AirRaid] member angle 0.760179
16.06.2023 22:21:21 [AirRaid] Started siren at coords <3726.000000, 24.000000, 8921.000000>
16.06.2023 22:22:30 [AirRaid] Stopped siren at coords <3726.000000, 24.000000, 8921.000000>
16.06.2023 23:07:07 [AirRaid] 'AirRaid.json' found, loading existing config
16.06.2023 23:07:07 [AirRaid] Air Raid started!
16.06.2023 23:07:07 [AirRaid] world name chernarusplus
16.06.2023 23:34:52 [AirRaid] 'AirRaid.json' found, loading existing config
16.06.2023 23:34:52 [AirRaid] Air Raid started!
16.06.2023 23:34:52 [AirRaid] world name chernarusplus
16.06.2023 23:41:11 [AirRaid] 'AirRaid.json' found, loading existing config
16.06.2023 23:41:11 [AirRaid] Air Raid started!
16.06.2023 23:41:11 [AirRaid] world name chernarusplus
17.06.2023 00:05:17 [AirRaid] 'AirRaid.json' found, loading existing config
17.06.2023 00:05:17 [AirRaid] Air Raid started!
17.06.2023 00:05:17 [AirRaid] world name chernarusplus
17.06.2023 00:06:25 [AirRaid] Bomber plane spawn <10755.796875, 550.000000, 15360.000000>
17.06.2023 00:06:25 [AirRaid] random Bombing target Novodmitrovsk <11763.000000, 0.000000, 14259.000000>
17.06.2023 00:06:25 [AirRaid] bomber angle -0.82986
17.06.2023 00:06:25 [AirRaid] member angle -0.82986
17.06.2023 00:06:25 [AirRaid] member angle -0.82986
17.06.2023 00:06:25 [AirRaid] Started siren at coords <11487.000000, 24.000000, 14480.000000>
17.06.2023 00:07:08 [AirRaid] Stopped siren at coords <11487.000000, 24.000000, 14480.000000>
17.06.2023 00:09:59 [AirRaid] Bomber plane spawn <15360.000000, 550.000000, 13707.136719>
17.06.2023 00:09:59 [AirRaid] random Bombing target Berezino Lumbermill <12777.509766, 0.000000, 9673.000000>
17.06.2023 00:09:59 [AirRaid] bomber angle -2.14022
17.06.2023 00:09:59 [AirRaid] member angle -2.14022
17.06.2023 00:09:59 [AirRaid] member angle -2.14022
17.06.2023 00:09:59 [AirRaid] Started siren at coords <12816.900391, 24.000000, 9978.099609>
17.06.2023 00:11:06 [AirRaid] Stopped siren at coords <12816.900391, 24.000000, 9978.099609>
17.06.2023 00:16:45 [AirRaid] Bomber plane spawn <15098.898438, 550.000000, 15360.000000>
17.06.2023 00:16:45 [AirRaid] random Bombing target Chernogorsk factory1 <7066.000000, 0.000000, 2828.000000>
17.06.2023 00:16:45 [AirRaid] bomber angle -2.14081
17.06.2023 00:16:45 [AirRaid] member angle -2.14081
17.06.2023 00:16:45 [AirRaid] member angle -2.14081
17.06.2023 00:16:45 [AirRaid] Started siren at coords <6250.000000, 24.000000, 2710.000000>
17.06.2023 00:16:45 [AirRaid] Bomber plane spawn <0.000000, 550.000000, 15296.716797>
17.06.2023 00:16:45 [AirRaid] random Bombing target Zelenogorsk railstation <2458.000000, 0.000000, 5187.000000>
17.06.2023 00:16:45 [AirRaid] bomber angle -1.33229
17.06.2023 00:16:45 [AirRaid] member angle -1.33229
17.06.2023 00:16:45 [AirRaid] member angle -1.33229
17.06.2023 00:16:45 [AirRaid] Started siren at coords <2571.000000, 24.000000, 5078.000000>
17.06.2023 00:18:48 [AirRaid] Stopped siren at coords <2571.000000, 24.000000, 5078.000000>
17.06.2023 00:19:31 [AirRaid] Stopped siren at coords <6250.000000, 24.000000, 2710.000000>
17.06.2023 00:47:40 [AirRaid] Bomber plane spawn <12334.125977, 550.000000, 0.000000>
17.06.2023 00:47:40 [AirRaid] random Bombing target Svetlojarsk <14089.000000, 0.000000, 13315.000000>
17.06.2023 00:47:40 [AirRaid] bomber angle 1.43975
17.06.2023 00:47:40 [AirRaid] member angle 1.43975
17.06.2023 00:47:40 [AirRaid] member angle 1.43975
17.06.2023 00:47:40 [AirRaid] Started siren at coords <13845.000000, 24.000000, 13216.000000>
17.06.2023 00:50:12 [AirRaid] Stopped siren at coords <13845.000000, 24.000000, 13216.000000>
17.06.2023 00:50:16 [AirRaid] Stopped siren at coords <13845.000000, 24.000000, 13216.000000>
17.06.2023 01:02:14 [AirRaid] Bomber plane spawn <9064.963867, 550.000000, 0.000000>
17.06.2023 01:02:14 [AirRaid] random Bombing target Vybor <3818.000000, 0.000000, 8862.000000>
17.06.2023 01:02:14 [AirRaid] bomber angle 2.10537
17.06.2023 01:02:14 [AirRaid] member angle 2.10537
17.06.2023 01:02:14 [AirRaid] member angle 2.10537
17.06.2023 01:02:14 [AirRaid] Started siren at coords <3726.000000, 24.000000, 8921.000000>
17.06.2023 01:04:16 [AirRaid] Stopped siren at coords <3726.000000, 24.000000, 8921.000000>
17.06.2023 07:06:32 [AirRaid] Bomber plane spawn <0.000000, 550.000000, 2191.004395>
17.06.2023 07:06:32 [AirRaid] random Bombing target Zelenogorsk railstation <2458.000000, 0.000000, 5187.000000>
17.06.2023 07:06:32 [AirRaid] bomber angle 0.883723
17.06.2023 07:06:32 [AirRaid] member angle 0.883723
17.06.2023 07:06:32 [AirRaid] member angle 0.883723
17.06.2023 07:06:32 [AirRaid] Started siren at coords <2571.000000, 24.000000, 5078.000000>
17.06.2023 07:07:29 [AirRaid] Stopped siren at coords <2571.000000, 24.000000, 5078.000000>
17.06.2023 08:07:16 [AirRaid] Bomber plane spawn <3430.417236, 550.000000, 15360.000000>
17.06.2023 08:07:16 [AirRaid] random Bombing target Severograd <7731.000000, 0.000000, 12695.000000>
17.06.2023 08:07:16 [AirRaid] bomber angle -0.554767
17.06.2023 08:07:16 [AirRaid] member angle -0.554767
17.06.2023 08:07:16 [AirRaid] member angle -0.554767
17.06.2023 08:07:16 [AirRaid] Started siren at coords <7617.000000, 24.000000, 12634.000000>
17.06.2023 08:08:23 [AirRaid] Stopped siren at coords <7617.000000, 24.000000, 12634.000000>
17.06.2023 09:07:59 [AirRaid] Bomber plane spawn <0.000000, 550.000000, 3246.192871>
17.06.2023 09:07:59 [AirRaid] random Bombing target NWAF SW <4538.000000, 0.000000, 9616.000000>
17.06.2023 09:07:59 [AirRaid] bomber angle 0.951781
17.06.2023 09:07:59 [AirRaid] member angle 0.951781
17.06.2023 09:07:59 [AirRaid] member angle 0.951781
17.06.2023 09:07:59 [AirRaid] Started siren at coords <4607.000000, 24.000000, 9438.000000>
17.06.2023 09:09:34 [AirRaid] Stopped siren at coords <4607.000000, 24.000000, 9438.000000>
17.06.2023 10:08:43 [AirRaid] Bomber plane spawn <0.000000, 550.000000, 4682.486816>
17.06.2023 10:08:43 [AirRaid] random Bombing target NWAF N tower <4000.000000, 0.000000, 11828.000000>
17.06.2023 10:08:43 [AirRaid] bomber angle 1.06047
17.06.2023 10:08:43 [AirRaid] member angle 1.06047
17.06.2023 10:08:43 [AirRaid] member angle 1.06047
17.06.2023 10:08:43 [AirRaid] Started siren at coords <4144.000000, 24.000000, 11759.000000>
17.06.2023 10:10:23 [AirRaid] Stopped siren at coords <4144.000000, 24.000000, 11759.000000>
17.06.2023 11:09:26 [AirRaid] Bomber plane spawn <15360.000000, 550.000000, 2145.534180>
17.06.2023 11:09:26 [AirRaid] random Bombing target Chernogorsk factory2 <7049.000000, 0.000000, 2653.000000>
17.06.2023 11:09:26 [AirRaid] bomber angle 3.08061
17.06.2023 11:09:26 [AirRaid] member angle 3.08061
17.06.2023 11:09:26 [AirRaid] member angle 3.08061
17.06.2023 11:09:26 [AirRaid] Started siren at coords <6250.000000, 24.000000, 2710.000000>
17.06.2023 11:11:08 [AirRaid] Stopped siren at coords <6250.000000, 24.000000, 2710.000000>
17.06.2023 12:27:33 [AirRaid] 'AirRaid.json' found, loading existing config
17.06.2023 12:27:33 [AirRaid] Air Raid started!
17.06.2023 12:27:33 [AirRaid] world name chernarusplus
17.06.2023 13:21:03 [AirRaid] 'AirRaid.json' found, loading existing config
17.06.2023 13:21:03 [AirRaid] Air Raid started!
17.06.2023 13:21:03 [AirRaid] world name chernarusplus
17.06.2023 13:22:27 [AirRaid] Bomber plane spawn <13936.832031, 550.000000, 0.000000>
17.06.2023 13:22:27 [AirRaid] random Bombing target Chernogorsk factory3 <7551.000000, 0.000000, 3204.000000>
17.06.2023 13:22:27 [AirRaid] bomber angle 2.67656
17.06.2023 13:22:27 [AirRaid] member angle 2.67656
17.06.2023 13:22:27 [AirRaid] member angle 2.67656
17.06.2023 13:22:27 [AirRaid] Started siren at coords <6250.000000, 24.000000, 2710.000000>
17.06.2023 14:04:12 [AirRaid] 'AirRaid.json' found, loading existing config
17.06.2023 14:04:12 [AirRaid] Air Raid started!
17.06.2023 14:04:12 [AirRaid] world name chernarusplus
17.06.2023 15:06:49 [AirRaid] Bomber plane spawn <4359.976563, 550.000000, 15360.000000>
17.06.2023 15:06:49 [AirRaid] random Bombing target Vybor <3818.000000, 0.000000, 8862.000000>
17.06.2023 15:06:49 [AirRaid] bomber angle -1.65401
17.06.2023 15:06:49 [AirRaid] member angle -1.65401
17.06.2023 15:06:49 [AirRaid] member angle -1.65401
17.06.2023 15:06:49 [AirRaid] Started siren at coords <3726.000000, 24.000000, 8921.000000>
17.06.2023 15:08:12 [AirRaid] Stopped siren at coords <3726.000000, 24.000000, 8921.000000>
17.06.2023 16:07:54 [AirRaid] Bomber plane spawn <11551.758789, 550.000000, 15360.000000>
17.06.2023 16:07:54 [AirRaid] random Bombing target NWAF N <4194.000000, 0.000000, 11050.000000>
17.06.2023 16:07:54 [AirRaid] bomber angle -2.6117
17.06.2023 16:07:54 [AirRaid] member angle -2.6117
17.06.2023 16:07:54 [AirRaid] member angle -2.6117
17.06.2023 16:07:54 [AirRaid] Started siren at coords <4125.000000, 24.000000, 10563.000000>
17.06.2023 16:09:35 [AirRaid] Stopped siren at coords <4125.000000, 24.000000, 10563.000000>
17.06.2023 22:04:39 [AirRaid] 'AirRaid.json' found, loading existing config
17.06.2023 22:04:39 [AirRaid] Air Raid started!
17.06.2023 22:04:39 [AirRaid] world name chernarusplus
17.06.2023 22:22:56 [AirRaid] 'AirRaid.json' found, loading existing config
17.06.2023 22:22:56 [AirRaid] Air Raid started!
17.06.2023 22:22:56 [AirRaid] world name chernarusplus
17.06.2023 23:24:38 [AirRaid] Bomber plane spawn <0.000000, 550.000000, 11049.243164>
17.06.2023 23:24:38 [AirRaid] random Bombing target Novodmitrovsk <11763.000000, 0.000000, 14259.000000>
17.06.2023 23:24:38 [AirRaid] bomber angle 0.266384
17.06.2023 23:24:38 [AirRaid] member angle 0.266384
17.06.2023 23:24:38 [AirRaid] member angle 0.266384
17.06.2023 23:24:38 [AirRaid] Started siren at coords <11487.000000, 24.000000, 14480.000000>
17.06.2023 23:26:56 [AirRaid] Stopped siren at coords <11487.000000, 24.000000, 14480.000000>
18.06.2023 00:24:42 [AirRaid] Bomber plane spawn <15360.000000, 550.000000, 3360.102539>
18.06.2023 00:24:42 [AirRaid] random Bombing target Chernogorsk factory2 <7049.000000, 0.000000, 2653.000000>
18.06.2023 00:24:42 [AirRaid] bomber angle -3.05672
18.06.2023 00:24:42 [AirRaid] member angle -3.05672
18.06.2023 00:24:42 [AirRaid] member angle -3.05672
18.06.2023 00:24:42 [AirRaid] Started siren at coords <6250.000000, 24.000000, 2710.000000>
18.06.2023 00:26:24 [AirRaid] Stopped siren at coords <6250.000000, 24.000000, 2710.000000>
18.06.2023 01:25:13 [AirRaid] Bomber plane spawn <15360.000000, 550.000000, 14896.392578>
18.06.2023 01:25:13 [AirRaid] random Bombing target Chernogorsk factory3 <7551.000000, 0.000000, 3204.000000>
18.06.2023 01:25:13 [AirRaid] bomber angle -2.15963
18.06.2023 01:25:13 [AirRaid] member angle -2.15963
18.06.2023 01:25:13 [AirRaid] member angle -2.15963
18.06.2023 01:25:13 [AirRaid] Started siren at coords <6250.000000, 24.000000, 2710.000000>
18.06.2023 01:27:50 [AirRaid] Stopped siren at coords <6250.000000, 24.000000, 2710.000000>
18.06.2023 01:32:45 [AirRaid] 'AirRaid.json' found, loading existing config
18.06.2023 01:32:45 [AirRaid] Air Raid started!
18.06.2023 01:32:45 [AirRaid] world name chernarusplus
18.06.2023 02:40:30 [AirRaid] 'AirRaid.json' found, loading existing config
18.06.2023 02:40:30 [AirRaid] Air Raid started!
18.06.2023 02:40:30 [AirRaid] world name chernarusplus
18.06.2023 03:43:12 [AirRaid] Bomber plane spawn <15360.000000, 550.000000, 15221.246094>
18.06.2023 03:43:12 [AirRaid] random Bombing target Zelenogorsk railstation <2458.000000, 0.000000, 5187.000000>
18.06.2023 03:43:12 [AirRaid] bomber angle -2.48058
18.06.2023 03:43:12 [AirRaid] member angle -2.48058
18.06.2023 03:43:12 [AirRaid] member angle -2.48058
18.06.2023 03:43:12 [AirRaid] Started siren at coords <2571.000000, 24.000000, 5078.000000>
18.06.2023 03:46:14 [AirRaid] Stopped siren at coords <2571.000000, 24.000000, 5078.000000>
18.06.2023 04:44:19 [AirRaid] Bomber plane spawn <1159.254150, 550.000000, 15360.000000>
18.06.2023 04:44:19 [AirRaid] random Bombing target Svetlojarsk <14089.000000, 0.000000, 13315.000000>
18.06.2023 04:44:19 [AirRaid] bomber angle -0.156863
18.06.2023 04:44:19 [AirRaid] member angle -0.156863
18.06.2023 04:44:19 [AirRaid] member angle -0.156863
18.06.2023 04:44:19 [AirRaid] Started siren at coords <13845.000000, 24.000000, 13216.000000>
18.06.2023 04:46:43 [AirRaid] Stopped siren at coords <13845.000000, 24.000000, 13216.000000>
18.06.2023 05:45:25 [AirRaid] Bomber plane spawn <3159.940186, 550.000000, 0.000000>
18.06.2023 05:45:25 [AirRaid] random Bombing target Novodmitrovsk <11763.000000, 0.000000, 14259.000000>
18.06.2023 05:45:25 [AirRaid] bomber angle 1.02792
18.06.2023 05:45:25 [AirRaid] member angle 1.02792
18.06.2023 05:45:25 [AirRaid] member angle 1.02792
18.06.2023 05:45:25 [AirRaid] Started siren at coords <11487.000000, 24.000000, 14480.000000>
18.06.2023 05:48:26 [AirRaid] Stopped siren at coords <11487.000000, 24.000000, 14480.000000>
18.06.2023 06:46:34 [AirRaid] Bomber plane spawn <15360.000000, 550.000000, 13654.635742>
18.06.2023 06:46:34 [AirRaid] random Bombing target Severograd <7731.000000, 0.000000, 12695.000000>
18.06.2023 06:46:34 [AirRaid] bomber angle -3.01646
18.06.2023 06:46:34 [AirRaid] member angle -3.01646
18.06.2023 06:46:34 [AirRaid] member angle -3.01646
18.06.2023 06:46:34 [AirRaid] Started siren at coords <7617.000000, 24.000000, 12634.000000>
18.06.2023 06:48:08 [AirRaid] Stopped siren at coords <7617.000000, 24.000000, 12634.000000>
18.06.2023 07:47:43 [AirRaid] Bomber plane spawn <9666.857422, 550.000000, 0.000000>
18.06.2023 07:47:43 [AirRaid] random Bombing target Berezino Lumbermill <12777.509766, 0.000000, 9673.000000>
18.06.2023 07:47:43 [AirRaid] bomber angle 1.25966
18.06.2023 07:47:43 [AirRaid] member angle 1.25966
18.06.2023 07:47:43 [AirRaid] member angle 1.25966
18.06.2023 07:47:43 [AirRaid] Started siren at coords <12816.900391, 24.000000, 9978.099609>
18.06.2023 07:49:39 [AirRaid] Stopped siren at coords <12816.900391, 24.000000, 9978.099609>
18.06.2023 08:48:52 [AirRaid] Bomber plane spawn <1844.587524, 550.000000, 0.000000>
18.06.2023 08:48:52 [AirRaid] random Bombing target Elektrozavodsk square <10484.000000, 0.000000, 2350.000000>
18.06.2023 08:48:52 [AirRaid] bomber angle 0.265584
18.06.2023 08:48:52 [AirRaid] member angle 0.265584
18.06.2023 08:48:52 [AirRaid] member angle 0.265584
18.06.2023 08:48:52 [AirRaid] Started siren at coords <10258.000000, 24.000000, 2169.000000>
18.06.2023 08:50:40 [AirRaid] Stopped siren at coords <10258.000000, 24.000000, 2169.000000>
18.06.2023 09:50:01 [AirRaid] Bomber plane spawn <0.000000, 550.000000, 5229.534668>
18.06.2023 09:50:01 [AirRaid] random Bombing target NWAF N <4194.000000, 0.000000, 11050.000000>
18.06.2023 09:50:01 [AirRaid] bomber angle 0.946404
18.06.2023 09:50:01 [AirRaid] member angle 0.946404
18.06.2023 09:50:01 [AirRaid] member angle 0.946404
18.06.2023 09:50:01 [AirRaid] Started siren at coords <4125.000000, 24.000000, 10563.000000>
18.06.2023 09:51:29 [AirRaid] Stopped siren at coords <4125.000000, 24.000000, 10563.000000>
18.06.2023 10:51:05 [AirRaid] Bomber plane spawn <7994.775391, 550.000000, 15360.000000>
18.06.2023 10:51:05 [AirRaid] random Bombing target Severograd <7731.000000, 0.000000, 12695.000000>
18.06.2023 10:51:05 [AirRaid] bomber angle -1.66945
18.06.2023 10:51:05 [AirRaid] member angle -1.66945
18.06.2023 10:51:05 [AirRaid] member angle -1.66945
18.06.2023 10:51:05 [AirRaid] Started siren at coords <7617.000000, 24.000000, 12634.000000>
18.06.2023 10:51:49 [AirRaid] Stopped siren at coords <7617.000000, 24.000000, 12634.000000>
18.06.2023 11:52:00 [AirRaid] Bomber plane spawn <1870.838379, 550.000000, 15360.000000>
18.06.2023 11:52:00 [AirRaid] random Bombing target Svetlojarsk <14089.000000, 0.000000, 13315.000000>
18.06.2023 11:52:00 [AirRaid] bomber angle -0.165837
18.06.2023 11:52:00 [AirRaid] member angle -0.165837
18.06.2023 11:52:00 [AirRaid] member angle -0.165837
18.06.2023 11:52:00 [AirRaid] Started siren at coords <13845.000000, 24.000000, 13216.000000>
18.06.2023 11:54:18 [AirRaid] Stopped siren at coords <13845.000000, 24.000000, 13216.000000>
18.06.2023 12:53:08 [AirRaid] Bomber plane spawn <0.000000, 550.000000, 9562.323242>
18.06.2023 12:53:08 [AirRaid] random Bombing target Elektrozavodsk square <10484.000000, 0.000000, 2350.000000>
18.06.2023 12:53:08 [AirRaid] bomber angle -0.602583
18.06.2023 12:53:08 [AirRaid] member angle -0.602583
18.06.2023 12:53:08 [AirRaid] member angle -0.602583
18.06.2023 12:53:08 [AirRaid] Started siren at coords <10258.000000, 24.000000, 2169.000000>
18.06.2023 12:55:33 [AirRaid] Stopped siren at coords <10258.000000, 24.000000, 2169.000000>
18.06.2023 13:54:16 [AirRaid] Bomber plane spawn <0.000000, 550.000000, 4989.527344>
18.06.2023 13:54:16 [AirRaid] random Bombing target Elektrozavodsk square <10484.000000, 0.000000, 2350.000000>
18.06.2023 13:54:16 [AirRaid] bomber angle -0.246641
18.06.2023 13:54:16 [AirRaid] member angle -0.246641
18.06.2023 13:54:16 [AirRaid] member angle -0.246641
18.06.2023 13:54:16 [AirRaid] Started siren at coords <10258.000000, 24.000000, 2169.000000>
18.06.2023 13:56:22 [AirRaid] Stopped siren at coords <10258.000000, 24.000000, 2169.000000>
18.06.2023 14:55:24 [AirRaid] Bomber plane spawn <15360.000000, 550.000000, 5648.609863>
18.06.2023 14:55:24 [AirRaid] random Bombing target Berezino Lumbermill <12777.509766, 0.000000, 9673.000000>
18.06.2023 14:55:24 [AirRaid] bomber angle 2.14132
18.06.2023 14:55:24 [AirRaid] member angle 2.14132
18.06.2023 14:55:24 [AirRaid] member angle 2.14132
18.06.2023 14:55:24 [AirRaid] Started siren at coords <12816.900391, 24.000000, 9978.099609>
18.06.2023 14:56:30 [AirRaid] Stopped siren at coords <12816.900391, 24.000000, 9978.099609>
18.06.2023 15:56:25 [AirRaid] Bomber plane spawn <0.000000, 550.000000, 8694.171875>
18.06.2023 15:56:25 [AirRaid] random Bombing target Berezino Industrial <12878.624023, 0.000000, 9916.153320>
18.06.2023 15:56:25 [AirRaid] bomber angle 0.0946013
18.06.2023 15:56:25 [AirRaid] member angle 0.0946013
18.06.2023 15:56:25 [AirRaid] member angle 0.0946013
18.06.2023 15:56:25 [AirRaid] Started siren at coords <12816.900391, 24.000000, 9978.099609>
18.06.2023 15:58:52 [AirRaid] Stopped siren at coords <12816.900391, 24.000000, 9978.099609>
18.06.2023 16:57:25 [AirRaid] Bomber plane spawn <0.000000, 550.000000, 2548.202881>
18.06.2023 16:57:25 [AirRaid] random Bombing target NWAF mid <4808.000000, 0.000000, 10410.000000>
18.06.2023 16:57:25 [AirRaid] bomber angle 1.02192
18.06.2023 16:57:25 [AirRaid] member angle 1.02192
18.06.2023 16:57:25 [AirRaid] member angle 1.02192
18.06.2023 16:57:25 [AirRaid] Started siren at coords <4636.000000, 24.000000, 10443.000000>
18.06.2023 16:59:13 [AirRaid] Stopped siren at coords <4636.000000, 24.000000, 10443.000000>
18.06.2023 17:58:28 [AirRaid] Bomber plane spawn <0.000000, 550.000000, 9561.385742>
18.06.2023 17:58:28 [AirRaid] random Bombing target Berezino Lumbermill <12777.509766, 0.000000, 9673.000000>
18.06.2023 17:58:28 [AirRaid] bomber angle 0.00873499
18.06.2023 17:58:28 [AirRaid] member angle 0.00873499
18.06.2023 17:58:28 [AirRaid] member angle 0.00873499
18.06.2023 17:58:28 [AirRaid] Started siren at coords <12816.900391, 24.000000, 9978.099609>
18.06.2023 18:00:52 [AirRaid] Stopped siren at coords <12816.900391, 24.000000, 9978.099609>
18.06.2023 18:58:59 [AirRaid] Bomber plane spawn <2098.188965, 550.000000, 0.000000>
18.06.2023 18:58:59 [AirRaid] random Bombing target Vybor <3818.000000, 0.000000, 8862.000000>
18.06.2023 18:58:59 [AirRaid] bomber angle 1.37911
18.06.2023 18:58:59 [AirRaid] member angle 1.37911
18.06.2023 18:58:59 [AirRaid] member angle 1.37911
18.06.2023 18:58:59 [AirRaid] Started siren at coords <3726.000000, 24.000000, 8921.000000>
18.06.2023 19:00:47 [AirRaid] Stopped siren at coords <3726.000000, 24.000000, 8921.000000>
18.06.2023 19:59:39 [AirRaid] Bomber plane spawn <10008.118164, 550.000000, 15360.000000>
18.06.2023 19:59:39 [AirRaid] random Bombing target NWAF N <4194.000000, 0.000000, 11050.000000>
18.06.2023 19:59:39 [AirRaid] bomber angle -2.50368
18.06.2023 19:59:39 [AirRaid] member angle -2.50368
18.06.2023 19:59:39 [AirRaid] member angle -2.50368
18.06.2023 19:59:39 [AirRaid] Started siren at coords <4125.000000, 24.000000, 10563.000000>
18.06.2023 20:01:09 [AirRaid] Stopped siren at coords <4125.000000, 24.000000, 10563.000000>
18.06.2023 21:00:40 [AirRaid] Bomber plane spawn <11603.323242, 550.000000, 0.000000>
18.06.2023 21:00:40 [AirRaid] random Bombing target Berezino Industrial <12878.624023, 0.000000, 9916.153320>
18.06.2023 21:00:40 [AirRaid] bomber angle 1.44289
18.06.2023 21:00:40 [AirRaid] member angle 1.44289
18.06.2023 21:00:40 [AirRaid] member angle 1.44289
18.06.2023 21:00:40 [AirRaid] Started siren at coords <12816.900391, 24.000000, 9978.099609>
18.06.2023 21:02:36 [AirRaid] Stopped siren at coords <12816.900391, 24.000000, 9978.099609>
18.06.2023 22:01:35 [AirRaid] Bomber plane spawn <3785.271729, 550.000000, 0.000000>
18.06.2023 22:01:35 [AirRaid] random Bombing target NWAF SW <4538.000000, 0.000000, 9616.000000>
18.06.2023 22:01:35 [AirRaid] bomber angle 1.49268
18.06.2023 22:01:35 [AirRaid] member angle 1.49268
18.06.2023 22:01:35 [AirRaid] member angle 1.49268
18.06.2023 22:01:35 [AirRaid] Started siren at coords <4607.000000, 24.000000, 9438.000000>
18.06.2023 22:03:29 [AirRaid] Stopped siren at coords <4607.000000, 24.000000, 9438.000000>
18.06.2023 23:02:42 [AirRaid] Bomber plane spawn <0.000000, 550.000000, 5823.927734>
18.06.2023 23:02:42 [AirRaid] random Bombing target Elektrozavodsk powerplant <10427.000000, 0.000000, 2581.000000>
18.06.2023 23:02:42 [AirRaid] bomber angle -0.301529
18.06.2023 23:02:42 [AirRaid] member angle -0.301529
18.06.2023 23:02:42 [AirRaid] member angle -0.301529
18.06.2023 23:02:42 [AirRaid] Started siren at coords <10258.000000, 24.000000, 2169.000000>
18.06.2023 23:04:51 [AirRaid] Stopped siren at coords <10258.000000, 24.000000, 2169.000000>
18.06.2023 23:31:24 [AirRaid] 'AirRaid.json' found, loading existing config
18.06.2023 23:31:24 [AirRaid] Air Raid started!
18.06.2023 23:31:24 [AirRaid] world name chernarusplus
19.06.2023 00:34:03 [AirRaid] Bomber plane spawn <0.000000, 550.000000, 9252.938477>
19.06.2023 00:34:03 [AirRaid] random Bombing target Chernogorsk factory2 <7049.000000, 0.000000, 2653.000000>
19.06.2023 00:34:03 [AirRaid] bomber angle -0.752509
19.06.2023 00:34:03 [AirRaid] member angle -0.752509
19.06.2023 00:34:03 [AirRaid] member angle -0.752509
19.06.2023 00:34:03 [AirRaid] Started siren at coords <6250.000000, 24.000000, 2710.000000>
19.06.2023 00:35:58 [AirRaid] Stopped siren at coords <6250.000000, 24.000000, 2710.000000>
19.06.2023 01:35:09 [AirRaid] Bomber plane spawn <5506.105469, 550.000000, 15360.000000>
19.06.2023 01:35:09 [AirRaid] random Bombing target NWAF N tower <4000.000000, 0.000000, 11828.000000>
19.06.2023 01:35:09 [AirRaid] bomber angle -1.97387
19.06.2023 01:35:09 [AirRaid] member angle -1.97387
19.06.2023 01:35:09 [AirRaid] member angle -1.97387
19.06.2023 01:35:09 [AirRaid] Started siren at coords <4144.000000, 24.000000, 11759.000000>
19.06.2023 01:36:05 [AirRaid] Stopped siren at coords <4144.000000, 24.000000, 11759.000000>
19.06.2023 02:36:11 [AirRaid] Bomber plane spawn <5333.600098, 550.000000, 15360.000000>
19.06.2023 02:36:11 [AirRaid] random Bombing target Berezino Lumbermill <12777.509766, 0.000000, 9673.000000>
19.06.2023 02:36:11 [AirRaid] bomber angle -0.652389
19.06.2023 02:36:11 [AirRaid] member angle -0.652389
19.06.2023 02:36:11 [AirRaid] member angle -0.652389
19.06.2023 02:36:11 [AirRaid] Started siren at coords <12816.900391, 24.000000, 9978.099609>
19.06.2023 02:38:01 [AirRaid] Stopped siren at coords <12816.900391, 24.000000, 9978.099609>
19.06.2023 03:37:16 [AirRaid] Bomber plane spawn <0.000000, 550.000000, 2596.485596>
19.06.2023 03:37:16 [AirRaid] random Bombing target Vybor <3818.000000, 0.000000, 8862.000000>
19.06.2023 03:37:16 [AirRaid] bomber angle 1.02352
19.06.2023 03:37:16 [AirRaid] member angle 1.02352
19.06.2023 03:37:16 [AirRaid] member angle 1.02352
19.06.2023 03:37:16 [AirRaid] Started siren at coords <3726.000000, 24.000000, 8921.000000>
19.06.2023 03:38:49 [AirRaid] Stopped siren at coords <3726.000000, 24.000000, 8921.000000>
19.06.2023 04:38:22 [AirRaid] Bomber plane spawn <13048.992188, 550.000000, 0.000000>
19.06.2023 04:38:22 [AirRaid] random Bombing target NWAF N tower <4000.000000, 0.000000, 11828.000000>
19.06.2023 04:38:22 [AirRaid] bomber angle 2.22386
19.06.2023 04:38:22 [AirRaid] member angle 2.22386
19.06.2023 04:38:22 [AirRaid] member angle 2.22386
19.06.2023 04:38:22 [AirRaid] Started siren at coords <4144.000000, 24.000000, 11759.000000>
19.06.2023 04:41:07 [AirRaid] Stopped siren at coords <4144.000000, 24.000000, 11759.000000>
19.06.2023 05:39:28 [AirRaid] Bomber plane spawn <0.000000, 550.000000, 7204.907227>
19.06.2023 05:39:28 [AirRaid] random Bombing target Berezino Industrial <12878.624023, 0.000000, 9916.153320>
19.06.2023 05:39:28 [AirRaid] bomber angle 0.207493
19.06.2023 05:39:28 [AirRaid] member angle 0.207493
19.06.2023 05:39:28 [AirRaid] member angle 0.207493
19.06.2023 05:39:28 [AirRaid] Started siren at coords <12816.900391, 24.000000, 9978.099609>
19.06.2023 05:41:56 [AirRaid] Stopped siren at coords <12816.900391, 24.000000, 9978.099609>
19.06.2023 06:40:34 [AirRaid] Bomber plane spawn <15360.000000, 550.000000, 10725.327148>
19.06.2023 06:40:34 [AirRaid] random Bombing target Berezino Industrial <12878.624023, 0.000000, 9916.153320>
19.06.2023 06:40:34 [AirRaid] bomber angle -2.82637
19.06.2023 06:40:34 [AirRaid] member angle -2.82637
19.06.2023 06:40:34 [AirRaid] member angle -2.82637
19.06.2023 06:40:34 [AirRaid] Started siren at coords <12816.900391, 24.000000, 9978.099609>
19.06.2023 06:41:19 [AirRaid] Stopped siren at coords <12816.900391, 24.000000, 9978.099609>
19.06.2023 07:41:43 [AirRaid] Bomber plane spawn <11789.890625, 550.000000, 0.000000>
19.06.2023 07:41:43 [AirRaid] random Bombing target Elektrozavodsk powerplant <10427.000000, 0.000000, 2581.000000>
19.06.2023 07:41:43 [AirRaid] bomber angle 2.05663
19.06.2023 07:41:43 [AirRaid] member angle 2.05663
19.06.2023 07:41:43 [AirRaid] member angle 2.05663
19.06.2023 07:41:43 [AirRaid] Started siren at coords <10258.000000, 24.000000, 2169.000000>
19.06.2023 07:42:30 [AirRaid] Stopped siren at coords <10258.000000, 24.000000, 2169.000000>
19.06.2023 08:42:52 [AirRaid] Bomber plane spawn <7848.520996, 550.000000, 15360.000000>
19.06.2023 08:42:52 [AirRaid] random Bombing target Svetlojarsk <14089.000000, 0.000000, 13315.000000>
19.06.2023 08:42:52 [AirRaid] bomber angle -0.316671
19.06.2023 08:42:52 [AirRaid] member angle -0.316671
19.06.2023 08:42:52 [AirRaid] member angle -0.316671
19.06.2023 08:42:52 [AirRaid] Started siren at coords <13845.000000, 24.000000, 13216.000000>
19.06.2023 08:44:13 [AirRaid] Stopped siren at coords <13845.000000, 24.000000, 13216.000000>
19.06.2023 09:44:01 [AirRaid] Bomber plane spawn <15360.000000, 550.000000, 8044.464355>
19.06.2023 09:44:01 [AirRaid] random Bombing target Chernogorsk factory1 <7066.000000, 0.000000, 2828.000000>
19.06.2023 09:44:01 [AirRaid] bomber angle -2.58016
19.06.2023 09:44:01 [AirRaid] member angle -2.58016
19.06.2023 09:44:01 [AirRaid] member angle -2.58016
19.06.2023 09:44:01 [AirRaid] Started siren at coords <6250.000000, 24.000000, 2710.000000>
19.06.2023 09:45:56 [AirRaid] Stopped siren at coords <6250.000000, 24.000000, 2710.000000>
19.06.2023 10:45:10 [AirRaid] Bomber plane spawn <15360.000000, 550.000000, 12461.161133>
19.06.2023 10:45:10 [AirRaid] random Bombing target Elektrozavodsk dock <10275.000000, 0.000000, 1859.000000>
19.06.2023 10:45:10 [AirRaid] bomber angle -2.01801
19.06.2023 10:45:10 [AirRaid] member angle -2.01801
19.06.2023 10:45:10 [AirRaid] member angle -2.01801
19.06.2023 10:45:10 [AirRaid] Started siren at coords <10258.000000, 24.000000, 2169.000000>
19.06.2023 10:47:26 [AirRaid] Stopped siren at coords <10258.000000, 24.000000, 2169.000000>
19.06.2023 10:47:29 [AirRaid] Stopped siren at coords <10258.000000, 24.000000, 2169.000000>
19.06.2023 11:46:19 [AirRaid] Bomber plane spawn <0.000000, 550.000000, 15205.307617>
19.06.2023 11:46:19 [AirRaid] random Bombing target Berezino Lumbermill <12777.509766, 0.000000, 9673.000000>
19.06.2023 11:46:19 [AirRaid] bomber angle -0.408604
19.06.2023 11:46:19 [AirRaid] member angle -0.408604
19.06.2023 11:46:19 [AirRaid] member angle -0.408604
19.06.2023 11:46:19 [AirRaid] Started siren at coords <12816.900391, 24.000000, 9978.099609>
19.06.2023 11:48:54 [AirRaid] Stopped siren at coords <12816.900391, 24.000000, 9978.099609>
19.06.2023 12:47:28 [AirRaid] Bomber plane spawn <15360.000000, 550.000000, 9921.396484>
19.06.2023 12:47:28 [AirRaid] random Bombing target Zelenogorsk railstation <2458.000000, 0.000000, 5187.000000>
19.06.2023 12:47:28 [AirRaid] bomber angle -2.7899
19.06.2023 12:47:28 [AirRaid] member angle -2.7899
19.06.2023 12:47:28 [AirRaid] member angle -2.7899
19.06.2023 12:47:28 [AirRaid] Started siren at coords <2571.000000, 24.000000, 5078.000000>
19.06.2023 12:50:04 [AirRaid] Stopped siren at coords <2571.000000, 24.000000, 5078.000000>
19.06.2023 13:48:37 [AirRaid] Bomber plane spawn <0.000000, 550.000000, 9092.621094>
19.06.2023 13:48:37 [AirRaid] random Bombing target Elektrozavodsk square <10484.000000, 0.000000, 2350.000000>
19.06.2023 13:48:37 [AirRaid] bomber angle -0.571534
19.06.2023 13:48:37 [AirRaid] member angle -0.571534
19.06.2023 13:48:37 [AirRaid] member angle -0.571534
19.06.2023 13:48:37 [AirRaid] Started siren at coords <10258.000000, 24.000000, 2169.000000>
19.06.2023 13:50:58 [AirRaid] Stopped siren at coords <10258.000000, 24.000000, 2169.000000>
19.06.2023 14:49:46 [AirRaid] Bomber plane spawn <7156.155762, 550.000000, 0.000000>
19.06.2023 14:49:46 [AirRaid] random Bombing target NWAF SW <4538.000000, 0.000000, 9616.000000>
19.06.2023 14:49:46 [AirRaid] bomber angle 1.83662
19.06.2023 14:49:46 [AirRaid] member angle 1.83662
19.06.2023 14:49:46 [AirRaid] member angle 1.83662
19.06.2023 14:49:46 [AirRaid] Started siren at coords <4607.000000, 24.000000, 9438.000000>
19.06.2023 14:51:43 [AirRaid] Stopped siren at coords <4607.000000, 24.000000, 9438.000000>
19.06.2023 15:50:54 [AirRaid] Bomber plane spawn <0.000000, 550.000000, 2448.355957>
19.06.2023 15:50:54 [AirRaid] random Bombing target NWAF N tower <4000.000000, 0.000000, 11828.000000>
19.06.2023 15:50:54 [AirRaid] bomber angle 1.16769
19.06.2023 15:50:54 [AirRaid] member angle 1.16769
19.06.2023 15:50:54 [AirRaid] member angle 1.16769
19.06.2023 15:50:54 [AirRaid] Started siren at coords <4144.000000, 24.000000, 11759.000000>
19.06.2023 15:52:55 [AirRaid] Stopped siren at coords <4144.000000, 24.000000, 11759.000000>
19.06.2023 16:31:03 [AirRaid] 'AirRaid.json' found, loading existing config
19.06.2023 16:31:03 [AirRaid] Air Raid started!
19.06.2023 16:31:03 [AirRaid] world name chernarusplus
19.06.2023 17:17:57 [AirRaid] 'AirRaid.json' found, loading existing config
19.06.2023 17:17:57 [AirRaid] Air Raid started!
19.06.2023 17:17:57 [AirRaid] world name chernarusplus
